SEPARATOR:   (Line 2)
SEPARATOR:   (Line 2)
SEPARATOR:   (Line 2)
SEPARATOR:   (Line 2)
RESERVEDWORD: VAR (Line 2)
SEPARATOR:   (Line 3)
IDENTIFIER: a (Line 3)
OPERATOR: : (Line 3)
SEPARATOR:   (Line 3)
RESERVEDWORD: INTEGER (Line 3)
SEPARATOR: ; (Line 3)
IDENTIFIER: b (Line 4)
OPERATOR: : (Line 4)
RESERVEDWORD: INTEGER (Line 4)
SEPARATOR: ; (Line 4)
IDENTIFIER: c (Line 5)
OPERATOR: : (Line 5)
RESERVEDWORD: INTEGER (Line 5)
SEPARATOR: ; (Line 5)
RESERVEDWORD: BEGIN (Line 6)
SEPARATOR:   (Line 7)
RESERVEDWORD: READ (Line 7)
SEPARATOR:   (Line 7)
IDENTIFIER: a (Line 7)
SEPARATOR: ; (Line 7)
SEPARATOR:   (Line 8)
RESERVEDWORD: READ (Line 8)
SEPARATOR:   (Line 8)
IDENTIFIER: b (Line 8)
SEPARATOR: ; (Line 8)
SEPARATOR:   (Line 9)
RESERVEDWORD: READ (Line 9)
SEPARATOR:   (Line 9)
IDENTIFIER: c (Line 9)
SEPARATOR: ; (Line 9)
SEPARATOR:   (Line 10)
IDENTIFIER: IF (Line 10)
SEPARATOR:   (Line 10)
IDENTIFIER: a (Line 10)
SEPARATOR:   (Line 10)
OPERATOR: > (Line 10)
OPERATOR: = (Line 10)
SEPARATOR:   (Line 10)
IDENTIFIER: b (Line 10)
SEPARATOR:   (Line 10)
IDENTIFIER: AND (Line 10)
SEPARATOR:   (Line 10)
IDENTIFIER: a (Line 10)
SEPARATOR:   (Line 10)
OPERATOR: > (Line 10)
OPERATOR: = (Line 10)
SEPARATOR:   (Line 10)
IDENTIFIER: c (Line 10)
SEPARATOR:   (Line 10)
RESERVEDWORD: THEN (Line 10)
SEPARATOR:   (Line 10)
SEPARATOR:   (Line 11)
RESERVEDWORD: WRITE (Line 11)
SEPARATOR:   (Line 11)
IDENTIFIER: a (Line 11)
SEPARATOR: ; (Line 11)
SEPARATOR:   (Line 12)
IDENTIFIER: ELSE (Line 12)
SEPARATOR:   (Line 12)
IDENTIFIER: IF (Line 12)
SEPARATOR:   (Line 12)
IDENTIFIER: b (Line 12)
SEPARATOR:   (Line 12)
OPERATOR: > (Line 12)
OPERATOR: = (Line 12)
SEPARATOR:   (Line 12)
IDENTIFIER: a (Line 12)
SEPARATOR:   (Line 12)
IDENTIFIER: AND (Line 12)
SEPARATOR:   (Line 12)
IDENTIFIER: b (Line 12)
SEPARATOR:   (Line 12)
OPERATOR: > (Line 12)
OPERATOR: = (Line 12)
SEPARATOR:   (Line 12)
IDENTIFIER: c (Line 12)
SEPARATOR:   (Line 12)
RESERVEDWORD: THEN (Line 12)
SEPARATOR:   (Line 12)
SEPARATOR:   (Line 13)
RESERVEDWORD: WRITE (Line 13)
SEPARATOR:   (Line 13)
IDENTIFIER: b (Line 13)
SEPARATOR: ; (Line 13)
SEPARATOR:   (Line 14)
IDENTIFIER: ELSE (Line 14)
SEPARATOR:   (Line 14)
SEPARATOR:   (Line 15)
RESERVEDWORD: WRITE (Line 15)
SEPARATOR:   (Line 15)
IDENTIFIER: c (Line 15)
SEPARATOR: ; (Line 15)
SEPARATOR:   (Line 16)
RESERVEDWORD: ENDIF (Line 16)
SEPARATOR: ; (Line 16)
RESERVEDWORD: END (Line 17)
SEPARATOR:   (Line 18)
SEPARATOR:   (Line 18)
SEPARATOR:   (Line 18)
SEPARATOR:   (Line 18)
